  test.c
C:\Users\Effor\Desktop\线性表（循环链表）\Project1\test.c(15,13): warning C4013: “malloc”未定义；假设外部返回 int
C:\Users\Effor\Desktop\线性表（循环链表）\Project1\test.c(15,33): warning C4312: “类型强制转换”: 从“int”转换到更大的“Node *”
C:\Users\Effor\Desktop\线性表（循环链表）\Project1\test.c(16,10): warning C4133: “=”: 从“pNode”到“Node *”的类型不兼容
C:\Users\Effor\Desktop\线性表（循环链表）\Project1\test.c(22,16): warning C4133: “==”: 从“pNode”到“Node *”的类型不兼容
C:\Users\Effor\Desktop\线性表（循环链表）\Project1\test.c(38,5): warning C4133: “=”: 从“Node *”到“pNode”的类型不兼容
C:\Users\Effor\Desktop\线性表（循环链表）\Project1\test.c(39,3): warning C4013: “free”未定义；假设外部返回 int
C:\Users\Effor\Desktop\线性表（循环链表）\Project1\test.c(32,8): warning C4133: “初始化”: 从“Node *”到“pNode”的类型不兼容
C:\Users\Effor\Desktop\线性表（循环链表）\Project1\test.c(48,4): warning C4133: “=”: 从“Node *”到“Node *”的类型不兼容
C:\Users\Effor\Desktop\线性表（循环链表）\Project1\test.c(49,19): warning C4133: “!=”: 从“pNode”到“Node *”的类型不兼容
C:\Users\Effor\Desktop\线性表（循环链表）\Project1\test.c(52,5): warning C4133: “=”: 从“Node *”到“Node *”的类型不兼容
C:\Users\Effor\Desktop\线性表（循环链表）\Project1\test.c(61,5): warning C4133: “=”: 从“Node *”到“pNode”的类型不兼容
C:\Users\Effor\Desktop\线性表（循环链表）\Project1\test.c(62,34): warning C4312: “类型强制转换”: 从“int”转换到更大的“Node *”
C:\Users\Effor\Desktop\线性表（循环链表）\Project1\test.c(64,11): warning C4133: “=”: 从“pNode”到“Node *”的类型不兼容
C:\Users\Effor\Desktop\线性表（循环链表）\Project1\test.c(65,10): warning C4133: “=”: 从“pNode”到“Node *”的类型不兼容
C:\Users\Effor\Desktop\线性表（循环链表）\Project1\test.c(73,4): warning C4133: “=”: 从“Node *”到“Node *”的类型不兼容
C:\Users\Effor\Desktop\线性表（循环链表）\Project1\test.c(76,5): warning C4133: “=”: 从“Node *”到“Node *”的类型不兼容
C:\Users\Effor\Desktop\线性表（循环链表）\Project1\test.c(77,17): warning C4133: “==”: 从“pNode”到“Node *”的类型不兼容
C:\Users\Effor\Desktop\线性表（循环链表）\Project1\test.c(80,33): warning C4312: “类型强制转换”: 从“int”转换到更大的“Node *”
C:\Users\Effor\Desktop\线性表（循环链表）\Project1\test.c(82,10): warning C4133: “=”: 从“Node *”到“Node *”的类型不兼容
C:\Users\Effor\Desktop\线性表（循环链表）\Project1\test.c(83,10): warning C4133: “=”: 从“pNode”到“Node *”的类型不兼容
C:\Users\Effor\Desktop\线性表（循环链表）\Project1\test.c(91,4): warning C4133: “=”: 从“Node *”到“pNode”的类型不兼容
C:\Users\Effor\Desktop\线性表（循环链表）\Project1\test.c(94,10): warning C4477: “printf”: 格式字符串“%d”需要类型“int”的参数，但可变参数 1 拥有了类型“int *”
C:\Users\Effor\Desktop\线性表（循环链表）\Project1\test.c(94,10): warning C4313: "printf": 格式字符串中的 "%d" 与类型为 "int *" 的参数 1 冲突
C:\Users\Effor\Desktop\线性表（循环链表）\Project1\test.c(95,5): warning C4133: “=”: 从“Node *”到“pNode”的类型不兼容
C:\Users\Effor\Desktop\线性表（循环链表）\Project1\test.c(96,17): warning C4133: “==”: 从“pNode”到“Node *”的类型不兼容
C:\Users\Effor\Desktop\线性表（循环链表）\Project1\test.c(105,4): warning C4133: “=”: 从“Node *”到“Node *”的类型不兼容
C:\Users\Effor\Desktop\线性表（循环链表）\Project1\test.c(108,5): warning C4133: “=”: 从“Node *”到“Node *”的类型不兼容
C:\Users\Effor\Desktop\线性表（循环链表）\Project1\test.c(109,17): warning C4133: “==”: 从“pNode”到“Node *”的类型不兼容
C:\Users\Effor\Desktop\线性表（循环链表）\Project1\test.c(118,4): warning C4133: “=”: 从“Node *”到“Node *”的类型不兼容
C:\Users\Effor\Desktop\线性表（循环链表）\Project1\test.c(119,4): warning C4133: “=”: 从“Node *”到“Node *”的类型不兼容
C:\Users\Effor\Desktop\线性表（循环链表）\Project1\test.c(122,11): warning C4133: “=”: 从“Node *”到“Node *”的类型不兼容
C:\Users\Effor\Desktop\线性表（循环链表）\Project1\test.c(41): warning C4716: “Destroy”: 必须返回一个值
  Project1.vcxproj -> C:\Users\Effor\Desktop\线性表（循环链表）\Project1\x64\Debug\Project1.exe
